[2025-11-27T21:16:13.132+0000] {taskinstance.py:1157} INFO - Dependencies all met for dep_context=non-requeueable deps ti=<TaskInstance: mxkeys_price_monitor.run_scraper manual__2025-11-27T21:16:08.928677+00:00 [queued]>
[2025-11-27T21:16:13.158+0000] {taskinstance.py:1157} INFO - Dependencies all met for dep_context=requeueable deps ti=<TaskInstance: mxkeys_price_monitor.run_scraper manual__2025-11-27T21:16:08.928677+00:00 [queued]>
[2025-11-27T21:16:13.159+0000] {taskinstance.py:1359} INFO - Starting attempt 1 of 3
[2025-11-27T21:16:13.194+0000] {taskinstance.py:1380} INFO - Executing <Task(BashOperator): run_scraper> on 2025-11-27 21:16:08.928677+00:00
[2025-11-27T21:16:13.201+0000] {standard_task_runner.py:57} INFO - Started process 180 to run task
[2025-11-27T21:16:13.210+0000] {standard_task_runner.py:84} INFO - Running: ['***', 'tasks', 'run', 'mxkeys_price_monitor', 'run_scraper', 'manual__2025-11-27T21:16:08.928677+00:00', '--job-id', '12', '--raw', '--subdir', 'DAGS_FOLDER/mxkeys_price_dag.py', '--cfg-path', '/tmp/tmpfd6bjjpt']
[2025-11-27T21:16:13.214+0000] {standard_task_runner.py:85} INFO - Job 12: Subtask run_scraper
[2025-11-27T21:16:13.325+0000] {task_command.py:415} INFO - Running <TaskInstance: mxkeys_price_monitor.run_scraper manual__2025-11-27T21:16:08.928677+00:00 [running]> on host 8401e7cabe37
[2025-11-27T21:16:13.518+0000] {taskinstance.py:1660} INFO - Exporting env vars: AIRFLOW_CTX_DAG_OWNER='rafael' AIRFLOW_CTX_DAG_ID='mxkeys_price_monitor' AIRFLOW_CTX_TASK_ID='run_scraper' AIRFLOW_CTX_EXECUTION_DATE='2025-11-27T21:16:08.928677+00:00' AIRFLOW_CTX_TRY_NUMBER='1' AIRFLOW_CTX_DAG_RUN_ID='manual__2025-11-27T21:16:08.928677+00:00'
[2025-11-27T21:16:13.520+0000] {subprocess.py:63} INFO - Tmp dir root location: /tmp
[2025-11-27T21:16:13.521+0000] {subprocess.py:75} INFO - Running command: ['/bin/bash', '-c', 'cd /opt && python -m scraper.main']
[2025-11-27T21:16:13.541+0000] {subprocess.py:86} INFO - Output:
[2025-11-27T21:16:14.558+0000] {subprocess.py:93} INFO - Traceback (most recent call last):
[2025-11-27T21:16:14.558+0000] {subprocess.py:93} INFO -   File "/usr/local/lib/python3.8/runpy.py", line 194, in _run_module_as_main
[2025-11-27T21:16:14.558+0000] {subprocess.py:93} INFO -     return _run_code(code, main_globals, None,
[2025-11-27T21:16:14.559+0000] {subprocess.py:93} INFO -   File "/usr/local/lib/python3.8/runpy.py", line 87, in _run_code
[2025-11-27T21:16:14.559+0000] {subprocess.py:93} INFO -     exec(code, run_globals)
[2025-11-27T21:16:14.559+0000] {subprocess.py:93} INFO -   File "/opt/scraper/main.py", line 3, in <module>
[2025-11-27T21:16:14.560+0000] {subprocess.py:93} INFO -     from .scrapers import scrape_all_sites
[2025-11-27T21:16:14.560+0000] {subprocess.py:93} INFO -   File "/opt/scraper/scrapers.py", line 2, in <module>
[2025-11-27T21:16:14.560+0000] {subprocess.py:93} INFO -     from .utils import fetch_url, polite_sleep, HEADERS_FALLBACK
[2025-11-27T21:16:14.561+0000] {subprocess.py:93} INFO - ImportError: cannot import name 'HEADERS_FALLBACK' from 'scraper.utils' (/opt/scraper/utils.py)
[2025-11-27T21:16:14.589+0000] {subprocess.py:97} INFO - Command exited with return code 1
[2025-11-27T21:16:14.610+0000] {taskinstance.py:1935} ERROR - Task failed with exception
Traceback (most recent call last):
  File "/home/airflow/.local/lib/python3.8/site-packages/airflow/operators/bash.py", line 210, in execute
    raise AirflowException(
airflow.exceptions.AirflowException: Bash command failed. The command returned a non-zero exit code 1.
[2025-11-27T21:16:14.616+0000] {taskinstance.py:1398} INFO - Marking task as UP_FOR_RETRY. dag_id=mxkeys_price_monitor, task_id=run_scraper, execution_date=20251127T211608, start_date=20251127T211613, end_date=20251127T211614
[2025-11-27T21:16:14.641+0000] {standard_task_runner.py:104} ERROR - Failed to execute job 12 for task run_scraper (Bash command failed. The command returned a non-zero exit code 1.; 180)
[2025-11-27T21:16:14.682+0000] {local_task_job_runner.py:228} INFO - Task exited with return code 1
[2025-11-27T21:16:14.725+0000] {taskinstance.py:2776} INFO - 0 downstream tasks scheduled from follow-on schedule check
